[0.789s] DEBUG:colcon:Command line arguments: ['/usr/bin/colcon', 'build']
[0.789s] DEBUG:colcon:Parsed command line arguments: Namespace(log_base=None, log_level=None, verb_name='build', build_base='build', install_base='install', merge_install=False, symlink_install=False, test_result_base=None, continue_on_error=False, executor='parallel', parallel_workers=16, event_handlers=None, ignore_user_meta=False, metas=['./colcon.meta'], base_paths=['.'], packages_ignore=None, packages_ignore_regex=None, paths=None, packages_up_to=None, packages_up_to_regex=None, packages_above=None, packages_above_and_dependencies=None, packages_above_depth=None, packages_select_by_dep=None, packages_skip_by_dep=None, packages_skip_up_to=None, packages_select_build_failed=False, packages_skip_build_finished=False, packages_select_test_failures=False, packages_skip_test_passed=False, packages_select=None, packages_skip=None, packages_select_regex=None, packages_skip_regex=None, packages_start=None, packages_end=None, allow_overriding=[], cmake_args=None, cmake_target=None, cmake_target_skip_unavailable=False, cmake_clean_cache=False, cmake_clean_first=False, cmake_force_configure=False, ament_cmake_args=None, catkin_cmake_args=None, catkin_skip_building_tests=False, verb_parser=<colcon_defaults.argument_parser.defaults.DefaultArgumentsDecorator object at 0x7e72e65be6e0>, verb_extension=<colcon_core.verb.build.BuildVerb object at 0x7e72e69e33a0>, main=<bound method BuildVerb.main of <colcon_core.verb.build.BuildVerb object at 0x7e72e69e33a0>>)
[0.822s] Level 1:colcon.colcon_core.package_discovery:discover_packages(colcon_meta) check parameters
[0.822s] Level 1:colcon.colcon_core.package_discovery:discover_packages(recursive) check parameters
[0.822s] Level 1:colcon.colcon_core.package_discovery:discover_packages(ignore) check parameters
[0.822s] Level 1:colcon.colcon_core.package_discovery:discover_packages(path) check parameters
[0.822s] Level 1:colcon.colcon_core.package_discovery:discover_packages(colcon_meta) discover
[0.822s] Level 1:colcon.colcon_core.package_discovery:discover_packages(recursive) discover
[0.822s] INFO:colcon.colcon_core.package_discovery:Crawling recursively for packages in '/home/bot/mb6-space/uvlarm-jarvis/grp_jarvis'
[0.822s] Level 1:colcon.colcon_core.package_identification:_identify(.) by extensions ['ignore', 'ignore_ament_install']
[0.822s] Level 1:colcon.colcon_core.package_identification:_identify(.) by extension 'ignore'
[0.823s] Level 1:colcon.colcon_core.package_identification:_identify(.) by extension 'ignore_ament_install'
[0.823s] Level 1:colcon.colcon_core.package_identification:_identify(.) by extensions ['colcon_pkg']
[0.823s] Level 1:colcon.colcon_core.package_identification:_identify(.) by extension 'colcon_pkg'
[0.823s] Level 1:colcon.colcon_core.package_identification:_identify(.) by extensions ['colcon_meta']
[0.823s] Level 1:colcon.colcon_core.package_identification:_identify(.) by extension 'colcon_meta'
[0.823s] Level 1:colcon.colcon_core.package_identification:_identify(.) by extensions ['ros']
[0.823s] Level 1:colcon.colcon_core.package_identification:_identify(.) by extension 'ros'
[0.831s] DEBUG:colcon.colcon_core.package_identification:Package '.' with type 'ros.ament_cmake' and name 'grp_jarvis'
[0.831s] Level 1:colcon.colcon_core.package_discovery:discover_packages(recursive) using defaults
[0.831s] Level 1:colcon.colcon_core.package_discovery:discover_packages(ignore) discover
[0.831s] Level 1:colcon.colcon_core.package_discovery:discover_packages(ignore) using defaults
[0.831s] Level 1:colcon.colcon_core.package_discovery:discover_packages(path) discover
[0.831s] Level 1:colcon.colcon_core.package_discovery:discover_packages(path) using defaults
[0.906s] Level 1:colcon.colcon_core.package_discovery:discover_packages(prefix_path) check parameters
[0.907s] Level 1:colcon.colcon_core.package_discovery:discover_packages(prefix_path) discover
[0.932s] DEBUG:colcon.colcon_installed_package_information.package_discovery:Found 8 installed packages in /home/bot/mb6-space/install
[0.944s] DEBUG:colcon.colcon_installed_package_information.package_discovery:Found 8 installed packages in /home/bot/install
[0.957s] DEBUG:colcon.colcon_installed_package_information.package_discovery:Found 366 installed packages in /opt/ros/iron
[0.958s] Level 1:colcon.colcon_core.package_discovery:discover_packages(prefix_path) using defaults
[1.022s] Level 5:colcon.colcon_core.verb:set package 'grp_jarvis' build argument 'cmake_args' from command line to 'None'
[1.022s] Level 5:colcon.colcon_core.verb:set package 'grp_jarvis' build argument 'cmake_target' from command line to 'None'
[1.022s] Level 5:colcon.colcon_core.verb:set package 'grp_jarvis' build argument 'cmake_target_skip_unavailable' from command line to 'False'
[1.022s] Level 5:colcon.colcon_core.verb:set package 'grp_jarvis' build argument 'cmake_clean_cache' from command line to 'False'
[1.022s] Level 5:colcon.colcon_core.verb:set package 'grp_jarvis' build argument 'cmake_clean_first' from command line to 'False'
[1.022s] Level 5:colcon.colcon_core.verb:set package 'grp_jarvis' build argument 'cmake_force_configure' from command line to 'False'
[1.022s] Level 5:colcon.colcon_core.verb:set package 'grp_jarvis' build argument 'ament_cmake_args' from command line to 'None'
[1.022s] Level 5:colcon.colcon_core.verb:set package 'grp_jarvis' build argument 'catkin_cmake_args' from command line to 'None'
[1.022s] Level 5:colcon.colcon_core.verb:set package 'grp_jarvis' build argument 'catkin_skip_building_tests' from command line to 'False'
[1.022s] DEBUG:colcon.colcon_core.verb:Building package 'grp_jarvis' with the following arguments: {'ament_cmake_args': None, 'build_base': '/home/bot/mb6-space/uvlarm-jarvis/grp_jarvis/build/grp_jarvis', 'catkin_cmake_args': None, 'catkin_skip_building_tests': False, 'cmake_args': None, 'cmake_clean_cache': False, 'cmake_clean_first': False, 'cmake_force_configure': False, 'cmake_target': None, 'cmake_target_skip_unavailable': False, 'install_base': '/home/bot/mb6-space/uvlarm-jarvis/grp_jarvis/install/grp_jarvis', 'merge_install': False, 'path': '/home/bot/mb6-space/uvlarm-jarvis/grp_jarvis', 'symlink_install': False, 'test_result_base': None}
[1.034s] INFO:colcon.colcon_core.executor:Executing jobs using 'parallel' executor
[1.047s] DEBUG:colcon.colcon_parallel_executor.executor.parallel:run_until_complete
[1.047s] INFO:colcon.colcon_ros.task.ament_cmake.build:Building ROS package in '/home/bot/mb6-space/uvlarm-jarvis/grp_jarvis' with build type 'ament_cmake'
[1.048s] INFO:colcon.colcon_cmake.task.cmake.build:Building CMake package in '/home/bot/mb6-space/uvlarm-jarvis/grp_jarvis'
[1.061s] INFO:colcon.colcon_core.plugin_system:Skipping extension 'colcon_core.shell.bat': Not used on non-Windows systems
[1.061s] INFO:colcon.colcon_core.shell:Skip shell extension 'powershell' for command environment: Not usable outside of PowerShell
[1.061s] DEBUG:colcon.colcon_core.shell:Skip shell extension 'dsv' for command environment
[1.119s] DEBUG:colcon.colcon_core.event_handler.log_command:Invoking command in '/home/bot/mb6-space/uvlarm-jarvis/grp_jarvis/build/grp_jarvis': CMAKE_PREFIX_PATH=${CMAKE_PREFIX_PATH}:/opt/ros/iron /usr/bin/cmake /home/bot/mb6-space/uvlarm-jarvis/grp_jarvis -DCMAKE_INSTALL_PREFIX=/home/bot/mb6-space/uvlarm-jarvis/grp_jarvis/install/grp_jarvis
[1.577s] DEBUG:colcon.colcon_core.event_handler.log_command:Invoked command in '/home/bot/mb6-space/uvlarm-jarvis/grp_jarvis/build/grp_jarvis' returned '0': CMAKE_PREFIX_PATH=${CMAKE_PREFIX_PATH}:/opt/ros/iron /usr/bin/cmake /home/bot/mb6-space/uvlarm-jarvis/grp_jarvis -DCMAKE_INSTALL_PREFIX=/home/bot/mb6-space/uvlarm-jarvis/grp_jarvis/install/grp_jarvis
[1.579s] DEBUG:colcon.colcon_core.event_handler.log_command:Invoking command in '/home/bot/mb6-space/uvlarm-jarvis/grp_jarvis/build/grp_jarvis': CMAKE_PREFIX_PATH=${CMAKE_PREFIX_PATH}:/opt/ros/iron /usr/bin/cmake --build /home/bot/mb6-space/uvlarm-jarvis/grp_jarvis/build/grp_jarvis -- -j16 -l16
[1.606s] DEBUG:colcon.colcon_core.event_handler.log_command:Invoked command in '/home/bot/mb6-space/uvlarm-jarvis/grp_jarvis/build/grp_jarvis' returned '0': CMAKE_PREFIX_PATH=${CMAKE_PREFIX_PATH}:/opt/ros/iron /usr/bin/cmake --build /home/bot/mb6-space/uvlarm-jarvis/grp_jarvis/build/grp_jarvis -- -j16 -l16
[1.633s] DEBUG:colcon.colcon_core.event_handler.log_command:Invoking command in '/home/bot/mb6-space/uvlarm-jarvis/grp_jarvis/build/grp_jarvis': CMAKE_PREFIX_PATH=${CMAKE_PREFIX_PATH}:/opt/ros/iron /usr/bin/cmake --install /home/bot/mb6-space/uvlarm-jarvis/grp_jarvis/build/grp_jarvis
[1.641s] Level 1:colcon.colcon_core.environment:create_environment_scripts_only(grp_jarvis)
[1.641s] DEBUG:colcon.colcon_core.event_handler.log_command:Invoked command in '/home/bot/mb6-space/uvlarm-jarvis/grp_jarvis/build/grp_jarvis' returned '0': CMAKE_PREFIX_PATH=${CMAKE_PREFIX_PATH}:/opt/ros/iron /usr/bin/cmake --install /home/bot/mb6-space/uvlarm-jarvis/grp_jarvis/build/grp_jarvis
[1.654s] Level 1:colcon.colcon_core.environment:checking '/home/bot/mb6-space/uvlarm-jarvis/grp_jarvis/install/grp_jarvis' for CMake module files
[1.655s] Level 1:colcon.colcon_core.environment:checking '/home/bot/mb6-space/uvlarm-jarvis/grp_jarvis/install/grp_jarvis' for CMake config files
[1.655s] Level 1:colcon.colcon_core.shell:create_environment_hook('grp_jarvis', 'cmake_prefix_path')
[1.666s] INFO:colcon.colcon_core.shell:Creating environment hook '/home/bot/mb6-space/uvlarm-jarvis/grp_jarvis/install/grp_jarvis/share/grp_jarvis/hook/cmake_prefix_path.ps1'
[1.666s] INFO:colcon.colcon_core.shell:Creating environment descriptor '/home/bot/mb6-space/uvlarm-jarvis/grp_jarvis/install/grp_jarvis/share/grp_jarvis/hook/cmake_prefix_path.dsv'
[1.667s] INFO:colcon.colcon_core.shell:Creating environment hook '/home/bot/mb6-space/uvlarm-jarvis/grp_jarvis/install/grp_jarvis/share/grp_jarvis/hook/cmake_prefix_path.sh'
[1.667s] Level 1:colcon.colcon_core.environment:checking '/home/bot/mb6-space/uvlarm-jarvis/grp_jarvis/install/grp_jarvis/lib'
[1.667s] Level 1:colcon.colcon_core.environment:checking '/home/bot/mb6-space/uvlarm-jarvis/grp_jarvis/install/grp_jarvis/bin'
[1.667s] Level 1:colcon.colcon_core.environment:checking '/home/bot/mb6-space/uvlarm-jarvis/grp_jarvis/install/grp_jarvis/lib/pkgconfig/grp_jarvis.pc'
[1.667s] Level 1:colcon.colcon_core.environment:checking '/home/bot/mb6-space/uvlarm-jarvis/grp_jarvis/install/grp_jarvis/lib/python3.10/site-packages'
[1.667s] Level 1:colcon.colcon_core.environment:checking '/home/bot/mb6-space/uvlarm-jarvis/grp_jarvis/install/grp_jarvis/bin'
[1.679s] INFO:colcon.colcon_core.shell:Creating package script '/home/bot/mb6-space/uvlarm-jarvis/grp_jarvis/install/grp_jarvis/share/grp_jarvis/package.ps1'
[1.679s] INFO:colcon.colcon_core.shell:Creating package descriptor '/home/bot/mb6-space/uvlarm-jarvis/grp_jarvis/install/grp_jarvis/share/grp_jarvis/package.dsv'
[1.680s] INFO:colcon.colcon_core.shell:Creating package script '/home/bot/mb6-space/uvlarm-jarvis/grp_jarvis/install/grp_jarvis/share/grp_jarvis/package.sh'
[1.680s] INFO:colcon.colcon_core.shell:Creating package script '/home/bot/mb6-space/uvlarm-jarvis/grp_jarvis/install/grp_jarvis/share/grp_jarvis/package.bash'
[1.681s] INFO:colcon.colcon_core.shell:Creating package script '/home/bot/mb6-space/uvlarm-jarvis/grp_jarvis/install/grp_jarvis/share/grp_jarvis/package.zsh'
[1.681s] Level 1:colcon.colcon_core.environment:create_file_with_runtime_dependencies(/home/bot/mb6-space/uvlarm-jarvis/grp_jarvis/install/grp_jarvis/share/colcon-core/packages/grp_jarvis)
[1.715s] Level 1:colcon.colcon_core.environment:create_environment_scripts_only(grp_jarvis)
[1.726s] Level 1:colcon.colcon_core.environment:checking '/home/bot/mb6-space/uvlarm-jarvis/grp_jarvis/install/grp_jarvis' for CMake module files
[1.726s] Level 1:colcon.colcon_core.environment:checking '/home/bot/mb6-space/uvlarm-jarvis/grp_jarvis/install/grp_jarvis' for CMake config files
[1.726s] Level 1:colcon.colcon_core.shell:create_environment_hook('grp_jarvis', 'cmake_prefix_path')
[1.736s] INFO:colcon.colcon_core.shell:Creating environment hook '/home/bot/mb6-space/uvlarm-jarvis/grp_jarvis/install/grp_jarvis/share/grp_jarvis/hook/cmake_prefix_path.ps1'
[1.737s] INFO:colcon.colcon_core.shell:Creating environment descriptor '/home/bot/mb6-space/uvlarm-jarvis/grp_jarvis/install/grp_jarvis/share/grp_jarvis/hook/cmake_prefix_path.dsv'
[1.737s] INFO:colcon.colcon_core.shell:Creating environment hook '/home/bot/mb6-space/uvlarm-jarvis/grp_jarvis/install/grp_jarvis/share/grp_jarvis/hook/cmake_prefix_path.sh'
[1.737s] Level 1:colcon.colcon_core.environment:checking '/home/bot/mb6-space/uvlarm-jarvis/grp_jarvis/install/grp_jarvis/lib'
[1.737s] Level 1:colcon.colcon_core.environment:checking '/home/bot/mb6-space/uvlarm-jarvis/grp_jarvis/install/grp_jarvis/bin'
[1.737s] Level 1:colcon.colcon_core.environment:checking '/home/bot/mb6-space/uvlarm-jarvis/grp_jarvis/install/grp_jarvis/lib/pkgconfig/grp_jarvis.pc'
[1.737s] Level 1:colcon.colcon_core.environment:checking '/home/bot/mb6-space/uvlarm-jarvis/grp_jarvis/install/grp_jarvis/lib/python3.10/site-packages'
[1.737s] Level 1:colcon.colcon_core.environment:checking '/home/bot/mb6-space/uvlarm-jarvis/grp_jarvis/install/grp_jarvis/bin'
[1.749s] INFO:colcon.colcon_core.shell:Creating package script '/home/bot/mb6-space/uvlarm-jarvis/grp_jarvis/install/grp_jarvis/share/grp_jarvis/package.ps1'
[1.749s] INFO:colcon.colcon_core.shell:Creating package descriptor '/home/bot/mb6-space/uvlarm-jarvis/grp_jarvis/install/grp_jarvis/share/grp_jarvis/package.dsv'
[1.749s] INFO:colcon.colcon_core.shell:Creating package script '/home/bot/mb6-space/uvlarm-jarvis/grp_jarvis/install/grp_jarvis/share/grp_jarvis/package.sh'
[1.750s] INFO:colcon.colcon_core.shell:Creating package script '/home/bot/mb6-space/uvlarm-jarvis/grp_jarvis/install/grp_jarvis/share/grp_jarvis/package.bash'
[1.750s] INFO:colcon.colcon_core.shell:Creating package script '/home/bot/mb6-space/uvlarm-jarvis/grp_jarvis/install/grp_jarvis/share/grp_jarvis/package.zsh'
[1.750s] Level 1:colcon.colcon_core.environment:create_file_with_runtime_dependencies(/home/bot/mb6-space/uvlarm-jarvis/grp_jarvis/install/grp_jarvis/share/colcon-core/packages/grp_jarvis)
[1.750s] DEBUG:colcon.colcon_parallel_executor.executor.parallel:closing loop
[1.750s] DEBUG:colcon.colcon_parallel_executor.executor.parallel:loop closed
[1.751s] DEBUG:colcon.colcon_parallel_executor.executor.parallel:run_until_complete finished with '0'
[1.751s] DEBUG:colcon.colcon_core.event_reactor:joining thread
[1.765s] INFO:colcon.colcon_core.plugin_system:Skipping extension 'colcon_notification.desktop_notification.notify_send': Could not find 'notify-send'
[1.765s] INFO:colcon.colcon_core.plugin_system:Skipping extension 'colcon_notification.desktop_notification.terminal_notifier': Not used on non-Darwin systems
[1.765s] INFO:colcon.colcon_core.plugin_system:Skipping extension 'colcon_notification.desktop_notification.win32': Not used on non-Windows systems
[1.765s] INFO:colcon.colcon_notification.desktop_notification:Sending desktop notification using 'notify2'
[1.773s] DEBUG:colcon.colcon_core.event_reactor:joined thread
[1.786s] INFO:colcon.colcon_core.shell:Creating prefix script '/home/bot/mb6-space/uvlarm-jarvis/grp_jarvis/install/local_setup.ps1'
[1.787s] INFO:colcon.colcon_core.shell:Creating prefix util module '/home/bot/mb6-space/uvlarm-jarvis/grp_jarvis/install/_local_setup_util_ps1.py'
[1.788s] INFO:colcon.colcon_core.shell:Creating prefix chain script '/home/bot/mb6-space/uvlarm-jarvis/grp_jarvis/install/setup.ps1'
[1.801s] INFO:colcon.colcon_core.shell:Creating prefix script '/home/bot/mb6-space/uvlarm-jarvis/grp_jarvis/install/local_setup.sh'
[1.801s] INFO:colcon.colcon_core.shell:Creating prefix util module '/home/bot/mb6-space/uvlarm-jarvis/grp_jarvis/install/_local_setup_util_sh.py'
[1.801s] INFO:colcon.colcon_core.shell:Creating prefix chain script '/home/bot/mb6-space/uvlarm-jarvis/grp_jarvis/install/setup.sh'
[1.814s] INFO:colcon.colcon_core.shell:Creating prefix script '/home/bot/mb6-space/uvlarm-jarvis/grp_jarvis/install/local_setup.bash'
[1.814s] INFO:colcon.colcon_core.shell:Creating prefix chain script '/home/bot/mb6-space/uvlarm-jarvis/grp_jarvis/install/setup.bash'
[1.826s] INFO:colcon.colcon_core.shell:Creating prefix script '/home/bot/mb6-space/uvlarm-jarvis/grp_jarvis/install/local_setup.zsh'
[1.826s] INFO:colcon.colcon_core.shell:Creating prefix chain script '/home/bot/mb6-space/uvlarm-jarvis/grp_jarvis/install/setup.zsh'
