[0.082s] Invoking command in '/home/imtld.local/yven-lucas.dienelt/mb6-space/uvlarm-Jarvis/build/JARVIS1': CMAKE_PREFIX_PATH=/opt/ros/iron /usr/bin/cmake /home/imtld.local/yven-lucas.dienelt/mb6-space/uvlarm-Jarvis/JARVIS1 -DCMAKE_INSTALL_PREFIX=/home/imtld.local/yven-lucas.dienelt/mb6-space/uvlarm-Jarvis/install/JARVIS1
[0.374s] -- The C compiler identification is GNU 11.4.0
[0.630s] -- The CXX compiler identification is GNU 11.4.0
[0.655s] -- Detecting C compiler ABI info
[1.042s] -- Detecting C compiler ABI info - done
[1.064s] -- Check for working C compiler: /usr/bin/cc - skipped
[1.069s] -- Detecting C compile features
[1.069s] -- Detecting C compile features - done
[1.088s] -- Detecting CXX compiler ABI info
[1.418s] -- Detecting CXX compiler ABI info - done
[1.436s] -- Check for working CXX compiler: /usr/bin/c++ - skipped
[1.443s] -- Detecting CXX compile features
[1.445s] -- Detecting CXX compile features - done
[1.482s] -- Found ament_cmake: 2.0.3 (/opt/ros/iron/share/ament_cmake/cmake)
[1.611s] -- Found Python3: /usr/bin/python3.10 (found version "3.10.12") found components: Interpreter 
[1.800s] -- Found ament_lint_auto: 0.14.2 (/opt/ros/iron/share/ament_lint_auto/cmake)
[1.872s] WARNING: Package name "JARVIS1" does not follow the naming conventions. It should start with a lower case letter and only contain lower case letters, digits, underscores, and dashes.
[2.042s] -- Added test 'lint_cmake' to check CMake code style
[2.066s] -- Added test 'xmllint' to check XML markup files
[2.141s] -- Configuring done
[2.444s] -- Generating done
[2.501s] -- Build files have been written to: /home/imtld.local/yven-lucas.dienelt/mb6-space/uvlarm-Jarvis/build/JARVIS1
[2.503s] Invoked command in '/home/imtld.local/yven-lucas.dienelt/mb6-space/uvlarm-Jarvis/build/JARVIS1' returned '0': CMAKE_PREFIX_PATH=/opt/ros/iron /usr/bin/cmake /home/imtld.local/yven-lucas.dienelt/mb6-space/uvlarm-Jarvis/JARVIS1 -DCMAKE_INSTALL_PREFIX=/home/imtld.local/yven-lucas.dienelt/mb6-space/uvlarm-Jarvis/install/JARVIS1
[2.517s] Invoking command in '/home/imtld.local/yven-lucas.dienelt/mb6-space/uvlarm-Jarvis/build/JARVIS1': CMAKE_PREFIX_PATH=/opt/ros/iron /usr/bin/cmake --build /home/imtld.local/yven-lucas.dienelt/mb6-space/uvlarm-Jarvis/build/JARVIS1 -- -j12 -l12
[2.566s] Invoked command in '/home/imtld.local/yven-lucas.dienelt/mb6-space/uvlarm-Jarvis/build/JARVIS1' returned '0': CMAKE_PREFIX_PATH=/opt/ros/iron /usr/bin/cmake --build /home/imtld.local/yven-lucas.dienelt/mb6-space/uvlarm-Jarvis/build/JARVIS1 -- -j12 -l12
[2.597s] Invoking command in '/home/imtld.local/yven-lucas.dienelt/mb6-space/uvlarm-Jarvis/build/JARVIS1': CMAKE_PREFIX_PATH=/opt/ros/iron /usr/bin/cmake --install /home/imtld.local/yven-lucas.dienelt/mb6-space/uvlarm-Jarvis/build/JARVIS1
[2.604s] -- Install configuration: ""
[2.644s] -- Installing: /home/imtld.local/yven-lucas.dienelt/mb6-space/uvlarm-Jarvis/install/JARVIS1/share/ament_index/resource_index/package_run_dependencies/JARVIS1
[2.680s] -- Installing: /home/imtld.local/yven-lucas.dienelt/mb6-space/uvlarm-Jarvis/install/JARVIS1/share/ament_index/resource_index/parent_prefix_path/JARVIS1
[2.709s] -- Installing: /home/imtld.local/yven-lucas.dienelt/mb6-space/uvlarm-Jarvis/install/JARVIS1/share/JARVIS1/environment/ament_prefix_path.sh
[2.748s] -- Installing: /home/imtld.local/yven-lucas.dienelt/mb6-space/uvlarm-Jarvis/install/JARVIS1/share/JARVIS1/environment/ament_prefix_path.dsv
[2.766s] -- Installing: /home/imtld.local/yven-lucas.dienelt/mb6-space/uvlarm-Jarvis/install/JARVIS1/share/JARVIS1/environment/path.sh
[2.782s] -- Installing: /home/imtld.local/yven-lucas.dienelt/mb6-space/uvlarm-Jarvis/install/JARVIS1/share/JARVIS1/environment/path.dsv
[2.809s] -- Installing: /home/imtld.local/yven-lucas.dienelt/mb6-space/uvlarm-Jarvis/install/JARVIS1/share/JARVIS1/local_setup.bash
[2.830s] -- Installing: /home/imtld.local/yven-lucas.dienelt/mb6-space/uvlarm-Jarvis/install/JARVIS1/share/JARVIS1/local_setup.sh
[2.857s] -- Installing: /home/imtld.local/yven-lucas.dienelt/mb6-space/uvlarm-Jarvis/install/JARVIS1/share/JARVIS1/local_setup.zsh
[2.879s] -- Installing: /home/imtld.local/yven-lucas.dienelt/mb6-space/uvlarm-Jarvis/install/JARVIS1/share/JARVIS1/local_setup.dsv
[2.902s] -- Installing: /home/imtld.local/yven-lucas.dienelt/mb6-space/uvlarm-Jarvis/install/JARVIS1/share/JARVIS1/package.dsv
[2.932s] -- Installing: /home/imtld.local/yven-lucas.dienelt/mb6-space/uvlarm-Jarvis/install/JARVIS1/share/ament_index/resource_index/packages/JARVIS1
[2.963s] -- Installing: /home/imtld.local/yven-lucas.dienelt/mb6-space/uvlarm-Jarvis/install/JARVIS1/share/JARVIS1/cmake/JARVIS1Config.cmake
[2.979s] -- Installing: /home/imtld.local/yven-lucas.dienelt/mb6-space/uvlarm-Jarvis/install/JARVIS1/share/JARVIS1/cmake/JARVIS1Config-version.cmake
[3.009s] -- Installing: /home/imtld.local/yven-lucas.dienelt/mb6-space/uvlarm-Jarvis/install/JARVIS1/share/JARVIS1/package.xml
[3.041s] Invoked command in '/home/imtld.local/yven-lucas.dienelt/mb6-space/uvlarm-Jarvis/build/JARVIS1' returned '0': CMAKE_PREFIX_PATH=/opt/ros/iron /usr/bin/cmake --install /home/imtld.local/yven-lucas.dienelt/mb6-space/uvlarm-Jarvis/build/JARVIS1
