[0.062s] Invoking command in '/home/bot/mb6-space/uvlarm-jarvis/grp_jarvis/build/grp_jarvis': CMAKE_PREFIX_PATH=${CMAKE_PREFIX_PATH}:/opt/ros/iron /usr/bin/cmake /home/bot/mb6-space/uvlarm-jarvis/grp_jarvis -DCMAKE_INSTALL_PREFIX=/home/bot/mb6-space/uvlarm-jarvis/grp_jarvis/install/grp_jarvis
[0.138s] -- The C compiler identification is GNU 11.4.0
[0.190s] -- The CXX compiler identification is GNU 11.4.0
[0.196s] -- Detecting C compiler ABI info
[0.250s] -- Detecting C compiler ABI info - done
[0.254s] -- Check for working C compiler: /usr/bin/cc - skipped
[0.255s] -- Detecting C compile features
[0.255s] -- Detecting C compile features - done
[0.257s] -- Detecting CXX compiler ABI info
[0.313s] -- Detecting CXX compiler ABI info - done
[0.318s] -- Check for working CXX compiler: /usr/bin/c++ - skipped
[0.318s] -- Detecting CXX compile features
[0.318s] -- Detecting CXX compile features - done
[0.322s] -- Found ament_cmake: 2.0.3 (/opt/ros/iron/share/ament_cmake/cmake)
[0.442s] -- Found Python3: /usr/bin/python3.10 (found version "3.10.12") found components: Interpreter 
[0.518s] -- Found ament_lint_auto: 0.14.2 (/opt/ros/iron/share/ament_lint_auto/cmake)
[0.572s] -- Added test 'cppcheck' to perform static code analysis on C / C++ code
[0.572s] -- Configured cppcheck include dirs: 
[0.572s] -- Configured cppcheck exclude dirs and/or files: 
[0.573s] -- Added test 'flake8' to check Python code syntax and style conventions
[0.573s] -- Configured 'flake8' exclude dirs and/or files: 
[0.574s] -- Added test 'lint_cmake' to check CMake code style
[0.575s] -- Added test 'pep257' to check Python code against some of the docstring style conventions in PEP 257
[0.577s] -- Added test 'uncrustify' to check C / C++ code style
[0.578s] -- Configured uncrustify additional arguments: 
[0.578s] -- Added test 'xmllint' to check XML markup files
[0.579s] -- Configuring done
[0.581s] -- Generating done
[0.582s] -- Build files have been written to: /home/bot/mb6-space/uvlarm-jarvis/grp_jarvis/build/grp_jarvis
[0.586s] Invoked command in '/home/bot/mb6-space/uvlarm-jarvis/grp_jarvis/build/grp_jarvis' returned '0': CMAKE_PREFIX_PATH=${CMAKE_PREFIX_PATH}:/opt/ros/iron /usr/bin/cmake /home/bot/mb6-space/uvlarm-jarvis/grp_jarvis -DCMAKE_INSTALL_PREFIX=/home/bot/mb6-space/uvlarm-jarvis/grp_jarvis/install/grp_jarvis
[0.587s] Invoking command in '/home/bot/mb6-space/uvlarm-jarvis/grp_jarvis/build/grp_jarvis': CMAKE_PREFIX_PATH=${CMAKE_PREFIX_PATH}:/opt/ros/iron /usr/bin/cmake --build /home/bot/mb6-space/uvlarm-jarvis/grp_jarvis/build/grp_jarvis -- -j16 -l16
[0.612s] Invoked command in '/home/bot/mb6-space/uvlarm-jarvis/grp_jarvis/build/grp_jarvis' returned '0': CMAKE_PREFIX_PATH=${CMAKE_PREFIX_PATH}:/opt/ros/iron /usr/bin/cmake --build /home/bot/mb6-space/uvlarm-jarvis/grp_jarvis/build/grp_jarvis -- -j16 -l16
[0.637s] Invoking command in '/home/bot/mb6-space/uvlarm-jarvis/grp_jarvis/build/grp_jarvis': CMAKE_PREFIX_PATH=${CMAKE_PREFIX_PATH}:/opt/ros/iron /usr/bin/cmake --install /home/bot/mb6-space/uvlarm-jarvis/grp_jarvis/build/grp_jarvis
[0.641s] -- Install configuration: ""
[0.642s] -- Installing: /home/bot/mb6-space/uvlarm-jarvis/grp_jarvis/install/grp_jarvis/share/grp_jarvis//launch
[0.642s] -- Installing: /home/bot/mb6-space/uvlarm-jarvis/grp_jarvis/install/grp_jarvis/share/grp_jarvis//launch/tbot_launch.yaml
[0.642s] -- Installing: /home/bot/mb6-space/uvlarm-jarvis/grp_jarvis/install/grp_jarvis/share/grp_jarvis//launch/visualize.yaml
[0.642s] -- Installing: /home/bot/mb6-space/uvlarm-jarvis/grp_jarvis/install/grp_jarvis/share/grp_jarvis//launch/challenge-1.launch.py
[0.642s] -- Installing: /home/bot/mb6-space/uvlarm-jarvis/grp_jarvis/install/grp_jarvis/share/grp_jarvis//launch/__pycache__
[0.642s] -- Installing: /home/bot/mb6-space/uvlarm-jarvis/grp_jarvis/install/grp_jarvis/share/grp_jarvis//launch/__pycache__/challenge-1.launch.cpython-310.pyc
[0.642s] -- Installing: /home/bot/mb6-space/uvlarm-jarvis/grp_jarvis/install/grp_jarvis/share/grp_jarvis//launch/sim_launch.yaml
[0.642s] -- Installing: /home/bot/mb6-space/uvlarm-jarvis/grp_jarvis/install/grp_jarvis/share/grp_jarvis//launch/minimal_launch.yaml
[0.643s] -- Installing: /home/bot/mb6-space/uvlarm-jarvis/grp_jarvis/install/grp_jarvis/lib/grp_jarvis/move.py
[0.643s] -- Installing: /home/bot/mb6-space/uvlarm-jarvis/grp_jarvis/install/grp_jarvis/lib/grp_jarvis/multiplexer.py
[0.643s] -- Installing: /home/bot/mb6-space/uvlarm-jarvis/grp_jarvis/install/grp_jarvis/share/ament_index/resource_index/package_run_dependencies/grp_jarvis
[0.643s] -- Installing: /home/bot/mb6-space/uvlarm-jarvis/grp_jarvis/install/grp_jarvis/share/ament_index/resource_index/parent_prefix_path/grp_jarvis
[0.643s] -- Installing: /home/bot/mb6-space/uvlarm-jarvis/grp_jarvis/install/grp_jarvis/share/grp_jarvis/environment/ament_prefix_path.sh
[0.643s] -- Installing: /home/bot/mb6-space/uvlarm-jarvis/grp_jarvis/install/grp_jarvis/share/grp_jarvis/environment/ament_prefix_path.dsv
[0.643s] -- Installing: /home/bot/mb6-space/uvlarm-jarvis/grp_jarvis/install/grp_jarvis/share/grp_jarvis/environment/path.sh
[0.643s] -- Installing: /home/bot/mb6-space/uvlarm-jarvis/grp_jarvis/install/grp_jarvis/share/grp_jarvis/environment/path.dsv
[0.643s] -- Installing: /home/bot/mb6-space/uvlarm-jarvis/grp_jarvis/install/grp_jarvis/share/grp_jarvis/local_setup.bash
[0.644s] -- Installing: /home/bot/mb6-space/uvlarm-jarvis/grp_jarvis/install/grp_jarvis/share/grp_jarvis/local_setup.sh
[0.644s] -- Installing: /home/bot/mb6-space/uvlarm-jarvis/grp_jarvis/install/grp_jarvis/share/grp_jarvis/local_setup.zsh
[0.644s] -- Installing: /home/bot/mb6-space/uvlarm-jarvis/grp_jarvis/install/grp_jarvis/share/grp_jarvis/local_setup.dsv
[0.644s] -- Installing: /home/bot/mb6-space/uvlarm-jarvis/grp_jarvis/install/grp_jarvis/share/grp_jarvis/package.dsv
[0.644s] -- Installing: /home/bot/mb6-space/uvlarm-jarvis/grp_jarvis/install/grp_jarvis/share/ament_index/resource_index/packages/grp_jarvis
[0.644s] -- Installing: /home/bot/mb6-space/uvlarm-jarvis/grp_jarvis/install/grp_jarvis/share/grp_jarvis/cmake/grp_jarvisConfig.cmake
[0.644s] -- Installing: /home/bot/mb6-space/uvlarm-jarvis/grp_jarvis/install/grp_jarvis/share/grp_jarvis/cmake/grp_jarvisConfig-version.cmake
[0.644s] -- Installing: /home/bot/mb6-space/uvlarm-jarvis/grp_jarvis/install/grp_jarvis/share/grp_jarvis/package.xml
[0.646s] Invoked command in '/home/bot/mb6-space/uvlarm-jarvis/grp_jarvis/build/grp_jarvis' returned '0': CMAKE_PREFIX_PATH=${CMAKE_PREFIX_PATH}:/opt/ros/iron /usr/bin/cmake --install /home/bot/mb6-space/uvlarm-jarvis/grp_jarvis/build/grp_jarvis
